<?xml version="1.0" encoding="UTF-8"?>
<!-- Generated by org.testng.reporters.JUnitXMLReporter -->
<testsuite hostname="DESKTOP-C6SQIIN" ignored="0" name="Default test" tests="4" failures="0" timestamp="18 Apr 2022 06:37:26 GMT" time="2.832" errors="0">
  <testcase name="createNewProduct" time="1.585" classname="testCases.DeleteProduct"/>
  <testcase name="readAllProducts" time="0.59" classname="testCases.DeleteProduct"/>
  <testcase name="deleteProduct" time="0.302" classname="testCases.DeleteProduct"/>
  <testcase name="readOneProduct" time="0.327" classname="testCases.DeleteProduct"/>
</testsuite> <!-- Default test -->
